INFO: 23-02-2023 : 20:45:06 : Process Stating Please Wait ...
INFO: 23-02-2023 : 20:45:06 : Total Active OfferId's Found : 0 : for SetId : ACCORDMOBI
INFO: 23-02-2023 : 20:45:06 : Total Active OfferId's Found : 0 : for SetId : SPYKEMEDIA
INFO: 23-02-2023 : 20:45:06 : Total Active OfferId's Found : 0 : for SetId : AVAZUONE
INFO: 23-02-2023 : 20:45:06 : Total Active OfferId's Found : 0 : for SetId : ADDTITANS
INFO: 23-02-2023 : 20:45:06 : Total Active OfferId's Found : 0 : for SetId : MOBRAND2
INFO: 23-02-2023 : 20:45:06 : Total Active OfferId's Found : 0 : for SetId : JUNGGGLEX
INFO: 23-02-2023 : 20:45:06 : Total Active OfferId's Found : 0 : for SetId : HEADWAYS
INFO: 23-02-2023 : 20:45:06 : Total Active OfferId's Found : 0 : for SetId : APPSAMURAI
INFO: 23-02-2023 : 20:45:06 : Total Active OfferId's Found : 0 : for SetId : APPLIFTEVERFLOW
INFO: 23-02-2023 : 20:45:06 : Total Active OfferId's Found : 0 : for SetId : ZORKA
INFO: 23-02-2023 : 20:45:06 : Total Active OfferId's Found : 0 : for SetId : ADSPLAY
INFO: 23-02-2023 : 20:45:06 : Total Active OfferId's Found : 0 : for SetId : UCEUROPE
INFO: 23-02-2023 : 20:45:06 : Total Active OfferId's Found : 0 : for SetId : MOBILDA
INFO: 23-02-2023 : 20:45:06 : Total Active OfferId's Found : 0 : for SetId : WADOGOCPI
INFO: 23-02-2023 : 20:45:06 : Total Active OfferId's Found : 0 : for SetId : EVERFLOW
INFO: 23-02-2023 : 20:45:06 : Total Active OfferId's Found : 0 : for SetId : INSTAL
INFO: 23-02-2023 : 20:45:06 : Total Active OfferId's Found : 0 : for SetId : QVERSEADS
INFO: 23-02-2023 : 20:45:06 : Total Active OfferId's Found : 0 : for SetId : GAMESPIPE
INFO: 23-02-2023 : 20:45:06 : one pharse done, wait for 1 minutes for next scedule...
INFO: 23-02-2023 : 20:46:04 : Process Stating Please Wait ...
